<?xml version="1.0" encoding="UTF-8"?>
<!-- Generated by org.testng.reporters.JUnitReportReporter -->
<testsuite skipped="0" hostname="juran" name="cukeRunner.testRunner" tests="1" failures="0" timestamp="16 Sep 2020 17:20:51 GMT" time="13.518" errors="0">
  <testcase name="feature" time="13.518" classname="cukeRunner.testRunner"/>
</testsuite> <!-- cukeRunner.testRunner -->
