<?xml version="1.0" encoding="UTF-8"?>
<!-- Generated by org.testng.reporters.JUnitReportReporter -->
<testsuite skipped="0" hostname="juran" name="cukeRunner.testRunner" tests="2" failures="0" timestamp="17 Sep 2020 08:21:10 GMT" time="18.090" errors="0">
  <testcase name="feature" time="2.482" classname="cukeRunner.testRunner"/>
  <testcase name="feature" time="15.608" classname="cukeRunner.testRunner"/>
</testsuite> <!-- cukeRunner.testRunner -->
