<?xml version="1.0" encoding="UTF-8"?>
<!-- Generated by org.testng.reporters.JUnitReportReporter -->
<testsuite skipped="0" hostname="juran" name="cukeRunner.testRunner" tests="3" failures="0" timestamp="17 Sep 2020 12:00:55 GMT" time="14.871" errors="0">
  <testcase name="feature" time="12.143" classname="cukeRunner.testRunner"/>
  <testcase name="feature" time="0.008" classname="cukeRunner.testRunner"/>
  <testcase name="feature" time="2.720" classname="cukeRunner.testRunner"/>
</testsuite> <!-- cukeRunner.testRunner -->
